0 info it worked if it ends with ok
1 verbose cli [ '/usr/local/Cellar/node4-lts/4.3.1/bin/node',
1 verbose cli   '/usr/local/bin/npm',
1 verbose cli   'run',
1 verbose cli   'start' ]
2 info using npm@2.14.12
3 info using node@v4.3.1
4 verbose run-script [ 'prestart', 'start', 'poststart' ]
5 info prestart github-battle@1.0.0
6 info start github-battle@1.0.0
7 verbose unsafe-perm in lifecycle true
8 info github-battle@1.0.0 Failed to exec start script
9 verbose stack Error: github-battle@1.0.0 start: `webpack-dev-server`
9 verbose stack Exit status 1
9 verbose stack     at EventEmitter.<anonymous> (/usr/local/lib/node_modules/npm/lib/utils/lifecycle.js:214:16)
9 verbose stack     at emitTwo (events.js:87:13)
9 verbose stack     at EventEmitter.emit (events.js:172:7)
9 verbose stack     at ChildProcess.<anonymous> (/usr/local/lib/node_modules/npm/lib/utils/spawn.js:24:14)
9 verbose stack     at emitTwo (events.js:87:13)
9 verbose stack     at ChildProcess.emit (events.js:172:7)
9 verbose stack     at maybeClose (internal/child_process.js:821:16)
9 verbose stack     at Process.ChildProcess._handle.onexit (internal/child_process.js:211:5)
10 verbose pkgid github-battle@1.0.0
11 verbose cwd /Users/tylerconstance/projects/github-battle/app
12 error Darwin 16.1.0
13 error argv "/usr/local/Cellar/node4-lts/4.3.1/bin/node" "/usr/local/bin/npm" "run" "start"
14 error node v4.3.1
15 error npm  v2.14.12
16 error code ELIFECYCLE
17 error github-battle@1.0.0 start: `webpack-dev-server`
17 error Exit status 1
18 error Failed at the github-battle@1.0.0 start script 'webpack-dev-server'.
18 error This is most likely a problem with the github-battle package,
18 error not with npm itself.
18 error Tell the author that this fails on your system:
18 error     webpack-dev-server
18 error You can get their info via:
18 error     npm owner ls github-battle
18 error There is likely additional logging output above.
19 verbose exit [ 1, true ]
